# JRE version: Java(TM) SE Runtime Environment (8.0_111-b14) (build 1.8.0_111-b14)
# Java VM: Java HotSpot(TM) 64-Bit Server VM (25.111-b14 mixed mode windows-amd64 compressed oops)
Heap:
 PSYoungGen      total 358912K, used 49813K [0x000000076af00000, 0x0000000790180000, 0x00000007c0000000)
  eden space 250368K, 19% used [0x000000076af00000,0x000000076dfa5438,0x000000077a380000)
  from space 108544K, 0% used [0x000000077a380000,0x000000077a380000,0x0000000780d80000)
  to   space 118272K, 0% used [0x0000000788e00000,0x0000000788e00000,0x0000000790180000)
 ParOldGen       total 372224K, used 195055K [0x00000006c0c00000, 0x00000006d7780000, 0x000000076af00000)
  object space 372224K, 52% used [0x00000006c0c00000,0x00000006cca7bd88,0x00000006d7780000)
 Metaspace       used 26421K, capacity 26664K, committed 27008K, reserved 1073152K
  class space    used 2246K, capacity 2321K, committed 2432K, reserved 1048576K
GC Heap History (10 events):
Event: 31.227 GC heap before
{Heap before GC invocations=13 (full 2):
 PSYoungGen      total 348160K, used 300261K [0x000000076af00000, 0x0000000785500000, 0x00000007c0000000)
  eden space 289792K, 100% used [0x000000076af00000,0x000000077ca00000,0x000000077ca00000)
  from space 58368K, 17% used [0x0000000781c00000,0x0000000782639658,0x0000000785500000)
  to   space 71168K, 0% used [0x000000077ca00000,0x000000077ca00000,0x0000000780f80000)
 ParOldGen       total 216064K, used 90182K [0x00000006c0c00000, 0x00000006cdf00000, 0x000000076af00000)
  object space 216064K, 41% used [0x00000006c0c00000,0x00000006c6411938,0x00000006cdf00000)
 Metaspace       used 24250K, capacity 24514K, committed 24704K, reserved 1071104K
  class space    used 2091K, capacity 2160K, committed 2176K, reserved 1048576K
Event: 31.242 GC heap after
Heap after GC invocations=13 (full 2):
 PSYoungGen      total 340992K, used 61650K [0x000000076af00000, 0x0000000785b80000, 0x00000007c0000000)
  eden space 279040K, 0% used [0x000000076af00000,0x000000076af00000,0x000000077bf80000)
  from space 61952K, 99% used [0x000000077ca00000,0x00000007806348c8,0x0000000780680000)
  to   space 79872K, 0% used [0x0000000780d80000,0x0000000780d80000,0x0000000785b80000)
 ParOldGen       total 216064K, used 90190K [0x00000006c0c00000, 0x00000006cdf00000, 0x000000076af00000)
  object space 216064K, 41% used [0x00000006c0c00000,0x00000006c6413938,0x00000006cdf00000)
 Metaspace       used 24250K, capacity 24514K, committed 24704K, reserved 1071104K
  class space    used 2091K, capacity 2160K, committed 2176K, reserved 1048576K
}
Event: 33.662 GC heap before
{Heap before GC invocations=14 (full 2):
 PSYoungGen      total 340992K, used 337788K [0x000000076af00000, 0x0000000785b80000, 0x00000007c0000000)
  eden space 279040K, 98% used [0x000000076af00000,0x000000077bcaab20,0x000000077bf80000)
  from space 61952K, 99% used [0x000000077ca00000,0x00000007806348c8,0x0000000780680000)
  to   space 79872K, 0% used [0x0000000780d80000,0x0000000780d80000,0x0000000785b80000)
 ParOldGen       total 216064K, used 90190K [0x00000006c0c00000, 0x00000006cdf00000, 0x000000076af00000)
  object space 216064K, 41% used [0x00000006c0c00000,0x00000006c6413938,0x00000006cdf00000)
 Metaspace       used 25858K, capacity 26088K, committed 26496K, reserved 1073152K
  class space    used 2240K, capacity 2321K, committed 2432K, reserved 1048576K
Event: 33.700 GC heap after
Heap after GC invocations=14 (full 2):
 PSYoungGen      total 330240K, used 79853K [0x000000076af00000, 0x000000078ee80000, 0x00000007c0000000)
  eden space 250368K, 0% used [0x000000076af00000,0x000000076af00000,0x000000077a380000)
  from space 79872K, 99% used [0x0000000780d80000,0x0000000785b7b788,0x0000000785b80000)
  to   space 108544K, 0% used [0x000000077a380000,0x000000077a380000,0x0000000780d80000)
 ParOldGen       total 216064K, used 131407K [0x00000006c0c00000, 0x00000006cdf00000, 0x000000076af00000)
  object space 216064K, 60% used [0x00000006c0c00000,0x00000006c8c53f48,0x00000006cdf00000)
 Metaspace       used 25858K, capacity 26088K, committed 26496K, reserved 1073152K
  class space    used 2240K, capacity 2321K, committed 2432K, reserved 1048576K
}
Event: 34.609 GC heap before
{Heap before GC invocations=15 (full 2):
 PSYoungGen      total 330240K, used 131304K [0x000000076af00000, 0x000000078ee80000, 0x00000007c0000000)
  eden space 250368K, 20% used [0x000000076af00000,0x000000076e13e980,0x000000077a380000)
  from space 79872K, 99% used [0x0000000780d80000,0x0000000785b7b788,0x0000000785b80000)
  to   space 108544K, 0% used [0x000000077a380000,0x000000077a380000,0x0000000780d80000)
 ParOldGen       total 216064K, used 131407K [0x00000006c0c00000, 0x00000006cdf00000, 0x000000076af00000)
  object space 216064K, 60% used [0x00000006c0c00000,0x00000006c8c53f48,0x00000006cdf00000)
 Metaspace       used 25891K, capacity 26088K, committed 26496K, reserved 1073152K
  class space    used 2241K, capacity 2321K, committed 2432K, reserved 1048576K
Event: 34.631 GC heap after
Heap after GC invocations=15 (full 2):
 PSYoungGen      total 358912K, used 83418K [0x000000076af00000, 0x0000000790180000, 0x00000007c0000000)
  eden space 250368K, 0% used [0x000000076af00000,0x000000076af00000,0x000000077a380000)
  from space 108544K, 76% used [0x000000077a380000,0x000000077f4f69a0,0x0000000780d80000)
  to   space 118272K, 0% used [0x0000000788e00000,0x0000000788e00000,0x0000000790180000)
 ParOldGen       total 216064K, used 132970K [0x00000006c0c00000, 0x00000006cdf00000, 0x000000076af00000)
  object space 216064K, 61% used [0x00000006c0c00000,0x00000006c8dda938,0x00000006cdf00000)
 Metaspace       used 25891K, capacity 26088K, committed 26496K, reserved 1073152K
  class space    used 2241K, capacity 2321K, committed 2432K, reserved 1048576K
}
Event: 34.631 GC heap before
{Heap before GC invocations=16 (full 3):
 PSYoungGen      total 358912K, used 83418K [0x000000076af00000, 0x0000000790180000, 0x00000007c0000000)
  eden space 250368K, 0% used [0x000000076af00000,0x000000076af00000,0x000000077a380000)
  from space 108544K, 76% used [0x000000077a380000,0x000000077f4f69a0,0x0000000780d80000)
  to   space 118272K, 0% used [0x0000000788e00000,0x0000000788e00000,0x0000000790180000)
 ParOldGen       total 216064K, used 132970K [0x00000006c0c00000, 0x00000006cdf00000, 0x000000076af00000)
  object space 216064K, 61% used [0x00000006c0c00000,0x00000006c8dda938,0x00000006cdf00000)
 Metaspace       used 25891K, capacity 26088K, committed 26496K, reserved 1073152K
  class space    used 2241K, capacity 2321K, committed 2432K, reserved 1048576K
Event: 34.813 GC heap after
Heap after GC invocations=16 (full 3):
 PSYoungGen      total 358912K, used 0K [0x000000076af00000, 0x0000000790180000, 0x00000007c0000000)
  eden space 250368K, 0% used [0x000000076af00000,0x000000076af00000,0x000000077a380000)
  from space 108544K, 0% used [0x000000077a380000,0x000000077a380000,0x0000000780d80000)
  to   space 118272K, 0% used [0x0000000788e00000,0x0000000788e00000,0x0000000790180000)
 ParOldGen       total 216064K, used 192971K [0x00000006c0c00000, 0x00000006cdf00000, 0x000000076af00000)
  object space 216064K, 89% used [0x00000006c0c00000,0x00000006cc872c18,0x00000006cdf00000)
 Metaspace       used 25891K, capacity 26088K, committed 26496K, reserved 1073152K
  class space    used 2241K, capacity 2321K, committed 2432K, reserved 1048576K
}
Event: 136.195 GC heap before
{Heap before GC invocations=17 (full 4):
 PSYoungGen      total 358912K, used 250368K [0x000000076af00000, 0x0000000790180000, 0x00000007c0000000)
  eden space 250368K, 100% used [0x000000076af00000,0x000000077a380000,0x000000077a380000)
  from space 108544K, 0% used [0x000000077a380000,0x000000077a380000,0x0000000780d80000)
  to   space 118272K, 0% used [0x0000000788e00000,0x0000000788e00000,0x0000000790180000)
 ParOldGen       total 216064K, used 192971K [0x00000006c0c00000, 0x00000006cdf00000, 0x000000076af00000)
  object space 216064K, 89% used [0x00000006c0c00000,0x00000006cc872c18,0x00000006cdf00000)
 Metaspace       used 26413K, capacity 26664K, committed 27008K, reserved 1073152K
  class space    used 2246K, capacity 2321K, committed 2432K, reserved 1048576K
Event: 136.356 GC heap after
Heap after GC invocations=17 (full 4):
 PSYoungGen      total 358912K, used 0K [0x000000076af00000, 0x0000000790180000, 0x00000007c0000000)
  eden space 250368K, 0% used [0x000000076af00000,0x000000076af00000,0x000000077a380000)
  from space 108544K, 0% used [0x000000077a380000,0x000000077a380000,0x0000000780d80000)
  to   space 118272K, 0% used [0x0000000788e00000,0x0000000788e00000,0x0000000790180000)
 ParOldGen       total 372224K, used 195055K [0x00000006c0c00000, 0x00000006d7780000, 0x000000076af00000)
  object space 372224K, 52% used [0x00000006c0c00000,0x00000006cca7bd88,0x00000006d7780000)
 Metaspace       used 26413K, capacity 26664K, committed 27008K, reserved 1073152K
  class space    used 2246K, capacity 2321K, committed 2432K, reserved 1048576K
}

