# JRE version: Java(TM) SE Runtime Environment (8.0_111-b14) (build 1.8.0_111-b14)
# Java VM: Java HotSpot(TM) 64-Bit Server VM (25.111-b14 mixed mode windows-amd64 compressed oops)
Heap:
 PSYoungGen      total 34816K, used 9622K [0x0000000780500000, 0x0000000782b00000, 0x00000007c0000000)
  eden space 30720K, 24% used [0x0000000780500000,0x0000000780c72308,0x0000000782300000)
  from space 4096K, 48% used [0x0000000782300000,0x00000007824f38b0,0x0000000782700000)
  to   space 4096K, 0% used [0x0000000782700000,0x0000000782700000,0x0000000782b00000)
 ParOldGen       total 290816K, used 273933K [0x0000000700e00000, 0x0000000712a00000, 0x0000000780500000)
  object space 290816K, 94% used [0x0000000700e00000,0x0000000711983558,0x0000000712a00000)
 Metaspace       used 40602K, capacity 40906K, committed 41216K, reserved 1087488K
  class space    used 3183K, capacity 3290K, committed 3328K, reserved 1048576K
GC Heap History (10 events):
Event: 1424.266 GC heap before
{Heap before GC invocations=405 (full 4):
 PSYoungGen      total 34304K, used 34048K [0x0000000780500000, 0x0000000782780000, 0x00000007c0000000)
  eden space 33792K, 100% used [0x0000000780500000,0x0000000782600000,0x0000000782600000)
  from space 512K, 50% used [0x0000000782700000,0x0000000782740000,0x0000000782780000)
  to   space 512K, 0% used [0x0000000782680000,0x0000000782680000,0x0000000782700000)
 ParOldGen       total 290816K, used 266071K [0x0000000700e00000, 0x0000000712a00000, 0x0000000780500000)
  object space 290816K, 91% used [0x0000000700e00000,0x00000007111d5f20,0x0000000712a00000)
 Metaspace       used 40573K, capacity 40842K, committed 41216K, reserved 1087488K
  class space    used 3180K, capacity 3290K, committed 3328K, reserved 1048576K
Event: 1424.268 GC heap after
Heap after GC invocations=405 (full 4):
 PSYoungGen      total 34304K, used 494K [0x0000000780500000, 0x0000000782780000, 0x00000007c0000000)
  eden space 33792K, 0% used [0x0000000780500000,0x0000000780500000,0x0000000782600000)
  from space 512K, 96% used [0x0000000782680000,0x00000007826fb8b0,0x0000000782700000)
  to   space 512K, 0% used [0x0000000782700000,0x0000000782700000,0x0000000782780000)
 ParOldGen       total 290816K, used 266255K [0x0000000700e00000, 0x0000000712a00000, 0x0000000780500000)
  object space 290816K, 91% used [0x0000000700e00000,0x0000000711203f20,0x0000000712a00000)
 Metaspace       used 40573K, capacity 40842K, committed 41216K, reserved 1087488K
  class space    used 3180K, capacity 3290K, committed 3328K, reserved 1048576K
}
Event: 1424.508 GC heap before
{Heap before GC invocations=406 (full 4):
 PSYoungGen      total 34304K, used 34286K [0x0000000780500000, 0x0000000782780000, 0x00000007c0000000)
  eden space 33792K, 100% used [0x0000000780500000,0x0000000782600000,0x0000000782600000)
  from space 512K, 96% used [0x0000000782680000,0x00000007826fb8b0,0x0000000782700000)
  to   space 512K, 0% used [0x0000000782700000,0x0000000782700000,0x0000000782780000)
 ParOldGen       total 290816K, used 266255K [0x0000000700e00000, 0x0000000712a00000, 0x0000000780500000)
  object space 290816K, 91% used [0x0000000700e00000,0x0000000711203f20,0x0000000712a00000)
 Metaspace       used 40575K, capacity 40842K, committed 41216K, reserved 1087488K
  class space    used 3180K, capacity 3290K, committed 3328K, reserved 1048576K
Event: 1424.518 GC heap after
Heap after GC invocations=406 (full 4):
 PSYoungGen      total 31744K, used 494K [0x0000000780500000, 0x0000000783200000, 0x00000007c0000000)
  eden space 31232K, 0% used [0x0000000780500000,0x0000000780500000,0x0000000782380000)
  from space 512K, 96% used [0x0000000782700000,0x000000078277b8b0,0x0000000782780000)
  to   space 3584K, 0% used [0x0000000782380000,0x0000000782380000,0x0000000782700000)
 ParOldGen       total 290816K, used 273869K [0x0000000700e00000, 0x0000000712a00000, 0x0000000780500000)
  object space 290816K, 94% used [0x0000000700e00000,0x0000000711973558,0x0000000712a00000)
 Metaspace       used 40575K, capacity 40842K, committed 41216K, reserved 1087488K
  class space    used 3180K, capacity 3290K, committed 3328K, reserved 1048576K
}
Event: 1453.737 GC heap before
{Heap before GC invocations=407 (full 4):
 PSYoungGen      total 31744K, used 31726K [0x0000000780500000, 0x0000000783200000, 0x00000007c0000000)
  eden space 31232K, 100% used [0x0000000780500000,0x0000000782380000,0x0000000782380000)
  from space 512K, 96% used [0x0000000782700000,0x000000078277b8b0,0x0000000782780000)
  to   space 3584K, 0% used [0x0000000782380000,0x0000000782380000,0x0000000782700000)
 ParOldGen       total 290816K, used 273869K [0x0000000700e00000, 0x0000000712a00000, 0x0000000780500000)
  object space 290816K, 94% used [0x0000000700e00000,0x0000000711973558,0x0000000712a00000)
 Metaspace       used 40590K, capacity 40842K, committed 41216K, reserved 1087488K
  class space    used 3180K, capacity 3290K, committed 3328K, reserved 1048576K
Event: 1453.742 GC heap after
Heap after GC invocations=407 (full 4):
 PSYoungGen      total 34816K, used 2126K [0x0000000780500000, 0x0000000782a80000, 0x00000007c0000000)
  eden space 31232K, 0% used [0x0000000780500000,0x0000000780500000,0x0000000782380000)
  from space 3584K, 59% used [0x0000000782380000,0x00000007825938b0,0x0000000782700000)
  to   space 3584K, 0% used [0x0000000782700000,0x0000000782700000,0x0000000782a80000)
 ParOldGen       total 290816K, used 273909K [0x0000000700e00000, 0x0000000712a00000, 0x0000000780500000)
  object space 290816K, 94% used [0x0000000700e00000,0x000000071197d558,0x0000000712a00000)
 Metaspace       used 40590K, capacity 40842K, committed 41216K, reserved 1087488K
  class space    used 3180K, capacity 3290K, committed 3328K, reserved 1048576K
}
Event: 1554.537 GC heap before
{Heap before GC invocations=408 (full 4):
 PSYoungGen      total 34816K, used 33358K [0x0000000780500000, 0x0000000782a80000, 0x00000007c0000000)
  eden space 31232K, 100% used [0x0000000780500000,0x0000000782380000,0x0000000782380000)
  from space 3584K, 59% used [0x0000000782380000,0x00000007825938b0,0x0000000782700000)
  to   space 3584K, 0% used [0x0000000782700000,0x0000000782700000,0x0000000782a80000)
 ParOldGen       total 290816K, used 273909K [0x0000000700e00000, 0x0000000712a00000, 0x0000000780500000)
  object space 290816K, 94% used [0x0000000700e00000,0x000000071197d558,0x0000000712a00000)
 Metaspace       used 40590K, capacity 40842K, committed 41216K, reserved 1087488K
  class space    used 3181K, capacity 3290K, committed 3328K, reserved 1048576K
Event: 1554.540 GC heap after
Heap after GC invocations=408 (full 4):
 PSYoungGen      total 34304K, used 2126K [0x0000000780500000, 0x0000000782b80000, 0x00000007c0000000)
  eden space 30720K, 0% used [0x0000000780500000,0x0000000780500000,0x0000000782300000)
  from space 3584K, 59% used [0x0000000782700000,0x00000007829138b0,0x0000000782a80000)
  to   space 4096K, 0% used [0x0000000782300000,0x0000000782300000,0x0000000782700000)
 ParOldGen       total 290816K, used 273917K [0x0000000700e00000, 0x0000000712a00000, 0x0000000780500000)
  object space 290816K, 94% used [0x0000000700e00000,0x000000071197f558,0x0000000712a00000)
 Metaspace       used 40590K, capacity 40842K, committed 41216K, reserved 1087488K
  class space    used 3181K, capacity 3290K, committed 3328K, reserved 1048576K
}
Event: 1654.913 GC heap before
{Heap before GC invocations=409 (full 4):
 PSYoungGen      total 34304K, used 32846K [0x0000000780500000, 0x0000000782b80000, 0x00000007c0000000)
  eden space 30720K, 100% used [0x0000000780500000,0x0000000782300000,0x0000000782300000)
  from space 3584K, 59% used [0x0000000782700000,0x00000007829138b0,0x0000000782a80000)
  to   space 4096K, 0% used [0x0000000782300000,0x0000000782300000,0x0000000782700000)
 ParOldGen       total 290816K, used 273917K [0x0000000700e00000, 0x0000000712a00000, 0x0000000780500000)
  object space 290816K, 94% used [0x0000000700e00000,0x000000071197f558,0x0000000712a00000)
 Metaspace       used 40590K, capacity 40842K, committed 41216K, reserved 1087488K
  class space    used 3181K, capacity 3290K, committed 3328K, reserved 1048576K
Event: 1654.917 GC heap after
Heap after GC invocations=409 (full 4):
 PSYoungGen      total 34816K, used 1998K [0x0000000780500000, 0x0000000782b00000, 0x00000007c0000000)
  eden space 30720K, 0% used [0x0000000780500000,0x0000000780500000,0x0000000782300000)
  from space 4096K, 48% used [0x0000000782300000,0x00000007824f38b0,0x0000000782700000)
  to   space 4096K, 0% used [0x0000000782700000,0x0000000782700000,0x0000000782b00000)
 ParOldGen       total 290816K, used 273933K [0x0000000700e00000, 0x0000000712a00000, 0x0000000780500000)
  object space 290816K, 94% used [0x0000000700e00000,0x0000000711983558,0x0000000712a00000)
 Metaspace       used 40590K, capacity 40842K, committed 41216K, reserved 1087488K
  class space    used 3181K, capacity 3290K, committed 3328K, reserved 1048576K
}

